<?xml version="1.0" encoding="UTF-8"?>
<!-- Generated by org.testng.reporters.JUnitReportReporter -->
<testsuite skipped="0" hostname="DESKTOP-DBMBTE8" name="Ecommerce.Project1.HomePage" tests="1" failures="0" timestamp="2021-03-17T21:56:51 IST" time="29.996" errors="0">
  <testcase name="baseNavigation" time="29.996" classname="Ecommerce.Project1.HomePage"/>
  <system-out/>
</testsuite> <!-- Ecommerce.Project1.HomePage -->
