<?xml version="1.0" encoding="UTF-8"?>
<!-- Generated by org.testng.reporters.JUnitReportReporter -->
<testsuite skipped="0" hostname="DESKTOP-DBMBTE8" name="Ecommerce.Project1.Validate" tests="1" failures="0" timestamp="2021-03-17T09:24:53 IST" time="14.835" errors="0">
  <testcase name="baseNavigation" time="14.835" classname="Ecommerce.Project1.Validate"/>
  <system-out/>
</testsuite> <!-- Ecommerce.Project1.Validate -->
